<?xml version="1.0" encoding="UTF-8"?>
<!-- Generated by org.testng.reporters.JUnitXMLReporter -->
<testsuite hostname="Gagan" ignored="0" name="Sauce Test - FF" tests="4" failures="0" timestamp="31 Oct 2020 08:34:11 GMT" time="84.146" errors="0">
  <testcase name="TitleTest" time="1.12" classname="cloudTests.SauceTest"/>
  <testcase name="checkInventoryItemTest" time="4.591" classname="cloudTests.SauceTest"/>
  <testcase name="checkAddToCartButtonTest" time="5.532" classname="cloudTests.SauceTest"/>
  <testcase name="LogoutTest" time="6.809" classname="cloudTests.SauceTest"/>
</testsuite> <!-- Sauce Test - FF -->
