<?xml version="1.0" encoding="UTF-8"?>
<!-- Generated by org.testng.reporters.JUnitXMLReporter -->
<testsuite hostname="Gagan" ignored="0" name="Sauce Test - Chrome" tests="4" failures="0" timestamp="31 Oct 2020 08:33:50 GMT" time="62.639" errors="0">
  <testcase name="TitleTest" time="1.662" classname="cloudTests.SauceTest"/>
  <testcase name="checkInventoryItemTest" time="5.457" classname="cloudTests.SauceTest"/>
  <testcase name="checkAddToCartButtonTest" time="6.251" classname="cloudTests.SauceTest"/>
  <testcase name="LogoutTest" time="8.493" classname="cloudTests.SauceTest"/>
</testsuite> <!-- Sauce Test - Chrome -->
